#
# There is insufficient memory for the Java Runtime Environment to continue.
# Native memory allocation (mmap) failed to map 132120576 bytes for G1 virtual space
# Possible reasons:
#   The system is out of physical RAM or swap space
#   The process is running with CompressedOops enabled, and the Java Heap may be blocking the growth of the native heap
# Possible solutions:
#   Reduce memory load on the system
#   Increase physical memory or swap space
#   Check if swap backing store is full
#   Decrease Java heap size (-Xmx/-Xms)
#   Decrease number of Java threads
#   Decrease Java thread stack sizes (-Xss)
#   Set larger code cache with -XX:ReservedCodeCacheSize=
#   JVM is running with Unscaled Compressed Oops mode in which the Java heap is
#     placed in the first 4GB address space. The Java Heap base address is the
#     maximum limit for the native heap growth. Please use -XX:HeapBaseMinAddress
#     to set the Java Heap base and to place the Java Heap above 4GB virtual address.
# This output file may be truncated or incomplete.
#
#  Out of Memory Error (os_windows.cpp:3600), pid=5744, tid=7704
#
# JRE version:  (21.0.4+8) (build )
# Java VM: Java HotSpot(TM) 64-Bit Server VM (21.0.4+8-LTS-274, mixed mode, sharing, tiered, compressed oops, compressed class ptrs, g1 gc, windows-amd64)
# No core dump will be written. Minidumps are not enabled by default on client versions of Windows
#

---------------  S U M M A R Y ------------

Command Line: -XX:+ShowCodeDetailsInExceptionMessages edu.lussatisantos.thirdweek.Excpetion

Host: Intel(R) Core(TM) i5-6300U CPU @ 2.40GHz, 4 cores, 7G,  Windows 11 , 64 bit Build 22621 (10.0.22621.3958)
Time: Thu Aug 29 16:38:00 2024 W. Central Africa Standard Time elapsed time: 0.062020 seconds (0d 0h 0m 0s)

---------------  T H R E A D  ---------------

Current thread (0x000002b8eb33a0a0):  JavaThread "Unknown thread" [_thread_in_vm, id=7704, stack(0x000000d9f0b00000,0x000000d9f0c00000) (1024K)]

Stack: [0x000000d9f0b00000,0x000000d9f0c00000]
Native frames: (J=compiled Java code, j=interpreted, Vv=VM code, C=native code)
V  [jvm.dll+0x6c8e59]
V  [jvm.dll+0x853181]
V  [jvm.dll+0x8556ae]
V  [jvm.dll+0x855d83]
V  [jvm.dll+0x27d526]
V  [jvm.dll+0x6c55f5]
V  [jvm.dll+0x6ba17a]
V  [jvm.dll+0x352a8a]
V  [jvm.dll+0x35a6e6]
V  [jvm.dll+0x3acdae]
V  [jvm.dll+0x3ad058]
V  [jvm.dll+0x326dec]
V  [jvm.dll+0x32794b]
V  [jvm.dll+0x81c569]
V  [jvm.dll+0x3b9a11]
V  [jvm.dll+0x805948]
V  [jvm.dll+0x44ec5e]
V  [jvm.dll+0x450851]
C  [jli.dll+0x52a3]
C  [ucrtbase.dll+0x29333]
C  [KERNEL32.DLL+0x1257d]
C  [ntdll.dll+0x5af28]


---------------  P R O C E S S  ---------------

Threads class SMR info:
_java_thread_list=0x00007fffe6b56c08, length=0, elements={
}

Java Threads: ( => current thread )
Total: 0

Other Threads:
  0x000002b8eb5ab6b0 WorkerThread "GC Thread#0"                     [id=6420, stack(0x000000d9f0c00000,0x000000d9f0d00000) (1024K)]
  0x000002b8eb5bc290 ConcurrentGCThread "G1 Main Marker"            [id=2028, stack(0x000000d9f0d00000,0x000000d9f0e00000) (1024K)]
  0x000002b8eb5bcf40 WorkerThread "G1 Conc#0"                       [id=12104, stack(0x000000d9f0e00000,0x000000d9f0f00000) (1024K)]

[error occurred during error reporting (printing all threads), id 0xc0000005, EXCEPTION_ACCESS_VIOLATION (0xc0000005) at pc=0x00007fffe62c9577]
VM state: not at safepoint (not fully initialized)

VM Mutex/Monitor currently owned by a thread:  ([mutex/lock_event])
[0x00007fffe6bc7f98] Heap_lock - owner thread: 0x000002b8eb33a0a0

Heap address: 0x0000000082400000, size: 2012 MB, Compressed Oops mode: 32-bit

CDS archive(s) mapped at: [0x0000000000000000-0x0000000000000000-0x0000000000000000), size 0, SharedBaseAddress: 0x0000000800000000, ArchiveRelocationMode: 1.
Narrow klass base: 0x0000000000000000, Narrow klass shift: 0, Narrow klass range: 0x0

GC Precious Log:
 CardTable entry size: 512
 Card Set container configuration: InlinePtr #cards 5 size 8 Array Of Cards #cards 12 size 40 Howl #buckets 4 coarsen threshold 1843 Howl Bitmap #cards 512 size 80 coarsen threshold 460 Card regions per heap region 1 cards per card region 2048

Heap:
 garbage-first heap   total 0K, used 0K [0x0000000082400000, 0x0000000100000000)
  region size 1024K, 0 young (0K), 0 survivors (0K)

[error occurred during error reporting (printing heap information), id 0xc0000005, EXCEPTION_ACCESS_VIOLATION (0xc0000005) at pc=0x00007fffe66b1df9]
GC Heap History (0 events):
No events

Dll operation events (1 events):
Event: 0.018 Loaded shared library C:\Program Files\Java\jdk-21\bin\java.dll

Deoptimization events (0 events):
No events

Classes loaded (0 events):
No events

Classes unloaded (0 events):
No events

Classes redefined (0 events):
No events

Internal exceptions (0 events):
No events

ZGC Phase Switch (0 events):
No events

VM Operations (0 events):
No events

Events (0 events):
No events


Dynamic libraries:
0x00007ff6cf3b0000 - 0x00007ff6cf3c0000 	C:\Program Files\Java\jdk-21\bin\java.exe
0x00007ff822750000 - 0x00007ff822967000 	C:\Windows\SYSTEM32\ntdll.dll
0x00007ff820da0000 - 0x00007ff820e64000 	C:\Windows\System32\KERNEL32.DLL
0x00007ff81fd20000 - 0x00007ff8200cd000 	C:\Windows\System32\KERNELBASE.dll
0x00007ff820360000 - 0x00007ff820471000 	C:\Windows\System32\ucrtbase.dll
0x00007ff817d40000 - 0x00007ff817d5b000 	C:\Program Files\Java\jdk-21\bin\VCRUNTIME140.dll
0x00007fffffaa0000 - 0x00007fffffab9000 	C:\Program Files\Java\jdk-21\bin\jli.dll
0x00007ff820c90000 - 0x00007ff820d42000 	C:\Windows\System32\ADVAPI32.dll
0x00007ff8210b0000 - 0x00007ff821157000 	C:\Windows\System32\msvcrt.dll
0x00007ff820a50000 - 0x00007ff820af9000 	C:\Windows\System32\sechost.dll
0x00007ff81fa70000 - 0x00007ff81fa98000 	C:\Windows\System32\bcrypt.dll
0x00007ff820eb0000 - 0x00007ff820fc4000 	C:\Windows\System32\RPCRT4.dll
0x00007ff821d90000 - 0x00007ff821f3e000 	C:\Windows\System32\USER32.dll
0x00007ff81faa0000 - 0x00007ff81fac6000 	C:\Windows\System32\win32u.dll
0x00007ff820d70000 - 0x00007ff820d99000 	C:\Windows\System32\GDI32.dll
0x00007ff820240000 - 0x00007ff820359000 	C:\Windows\System32\gdi32full.dll
0x00007ff81fad0000 - 0x00007ff81fb6a000 	C:\Windows\System32\msvcp_win.dll
0x00007ff804be0000 - 0x00007ff804e73000 	C:\Windows\WinSxS\amd64_microsoft.windows.common-controls_6595b64144ccf1df_6.0.22621.3672_none_2713b9d173822955\COMCTL32.dll
0x00007ff819960000 - 0x00007ff81996a000 	C:\Windows\SYSTEM32\VERSION.dll
0x00007ff820e70000 - 0x00007ff820ea1000 	C:\Windows\System32\IMM32.DLL
0x00007ff817c30000 - 0x00007ff817c3c000 	C:\Program Files\Java\jdk-21\bin\vcruntime140_1.dll
0x00007ff8006f0000 - 0x00007ff80077e000 	C:\Program Files\Java\jdk-21\bin\msvcp140.dll
0x00007fffe5f90000 - 0x00007fffe6ca3000 	C:\Program Files\Java\jdk-21\bin\server\jvm.dll
0x00007ff821220000 - 0x00007ff821291000 	C:\Windows\System32\WS2_32.dll
0x00007ff81e900000 - 0x00007ff81e94d000 	C:\Windows\SYSTEM32\POWRPROF.dll
0x00007ff818810000 - 0x00007ff818844000 	C:\Windows\SYSTEM32\WINMM.dll
0x00007ff81e8e0000 - 0x00007ff81e8f3000 	C:\Windows\SYSTEM32\UMPDC.dll
0x00007ff81eb90000 - 0x00007ff81eba8000 	C:\Windows\SYSTEM32\kernel.appcore.dll
0x00007ff817bf0000 - 0x00007ff817bfa000 	C:\Program Files\Java\jdk-21\bin\jimage.dll
0x00007ffffe2d0000 - 0x00007ffffe502000 	C:\Windows\SYSTEM32\DBGHELP.DLL
0x00007ff820480000 - 0x00007ff82080d000 	C:\Windows\System32\combase.dll
0x00007ff820fd0000 - 0x00007ff8210a7000 	C:\Windows\System32\OLEAUT32.dll
0x00007ffffe1c0000 - 0x00007ffffe1f2000 	C:\Windows\SYSTEM32\dbgcore.DLL
0x00007ff81fca0000 - 0x00007ff81fd1b000 	C:\Windows\System32\bcryptPrimitives.dll
0x00007ff817c10000 - 0x00007ff817c2f000 	C:\Program Files\Java\jdk-21\bin\java.dll

dbghelp: loaded successfully - version: 4.0.5 - missing functions: none
symbol engine: initialized successfully - sym options: 0x614 - pdb path: .;C:\Program Files\Java\jdk-21\bin;C:\Windows\SYSTEM32;C:\Windows\WinSxS\amd64_microsoft.windows.common-controls_6595b64144ccf1df_6.0.22621.3672_none_2713b9d173822955;C:\Program Files\Java\jdk-21\bin\server

VM Arguments:
jvm_args: -XX:+ShowCodeDetailsInExceptionMessages 
java_command: edu.lussatisantos.thirdweek.Excpetion
java_class_path (initial): C:\Users\lussa\OneDrive\Documents\GitHub\Java\java-anatomy-classes\bin
Launcher Type: SUN_STANDARD

[Global flags]
     intx CICompilerCount                          = 3                                         {product} {ergonomic}
     uint ConcGCThreads                            = 1                                         {product} {ergonomic}
     uint G1ConcRefinementThreads                  = 4                                         {product} {ergonomic}
   size_t G1HeapRegionSize                         = 1048576                                   {product} {ergonomic}
    uintx GCDrainStackTargetSize                   = 64                                        {product} {ergonomic}
   size_t InitialHeapSize                          = 132120576                                 {product} {ergonomic}
   size_t MarkStackSize                            = 4194304                                   {product} {ergonomic}
   size_t MaxHeapSize                              = 2109734912                                {product} {ergonomic}
   size_t MinHeapDeltaBytes                        = 1048576                                   {product} {ergonomic}
   size_t MinHeapSize                              = 8388608                                   {product} {ergonomic}
    uintx NonNMethodCodeHeapSize                   = 5832780                                {pd product} {ergonomic}
    uintx NonProfiledCodeHeapSize                  = 122912730                              {pd product} {ergonomic}
    uintx ProfiledCodeHeapSize                     = 122912730                              {pd product} {ergonomic}
    uintx ReservedCodeCacheSize                    = 251658240                              {pd product} {ergonomic}
     bool SegmentedCodeCache                       = true                                      {product} {ergonomic}
     bool ShowCodeDetailsInExceptionMessages       = true                                   {manageable} {command line}
   size_t SoftMaxHeapSize                          = 2109734912                             {manageable} {ergonomic}
     bool UseCompressedOops                        = true                           {product lp64_product} {ergonomic}
     bool UseG1GC                                  = true                                      {product} {ergonomic}
     bool UseLargePagesIndividualAllocation        = false                                  {pd product} {ergonomic}

Logging:
Log output configuration:
 #0: stdout all=warning uptime,level,tags foldmultilines=false
 #1: stderr all=off uptime,level,tags foldmultilines=false

Environment Variables:
PATH=C:\Program Files\Common Files\Oracle\Java\javapath;C:\Windows\system32;C:\Windows;C:\Windows\System32\Wbem;C:\Windows\System32\WindowsPowerShell\v1.0\;C:\Windows\System32\OpenSSH\;C:\Program Files\nodejs\;C:\Program Files\Git\cmd;C:\Users\lussa\AppData\Local\Programs\Python\Python312\Scripts\;C:\Users\lussa\AppData\Local\Programs\Python\Python312\;C:\Users\lussa\AppData\Local\Programs\Python\Launcher\;C:\Users\lussa\AppData\Local\Microsoft\WindowsApps;C:\Users\lussa\AppData\Local\Programs\Microsoft VS Code\bin;C:\Users\lussa\AppData\Roaming\npm;C:\Users\lussa\AppData\Local\GitHubDesktop\bin
USERNAME=lussa
LANG=en_US.UTF-8
OS=Windows_NT
PROCESSOR_IDENTIFIER=Intel64 Family 6 Model 78 Stepping 3, GenuineIntel
TMP=C:\Users\lussa\AppData\Local\Temp
TEMP=C:\Users\lussa\AppData\Local\Temp




Periodic native trim disabled

---------------  S Y S T E M  ---------------

OS:
 Windows 11 , 64 bit Build 22621 (10.0.22621.3958)
OS uptime: 2 days 5:17 hours

CPU: total 4 (initial active 4) (2 cores per cpu, 2 threads per core) family 6 model 78 stepping 3 microcode 0xec, cx8, cmov, fxsr, ht, mmx, 3dnowpref, sse, sse2, sse3, ssse3, sse4.1, sse4.2, popcnt, lzcnt, tsc, tscinvbit, avx, avx2, aes, erms, clmul, bmi1, bmi2, rtm, adx, fma, vzeroupper, clflush, clflushopt, rdtscp, f16c
Processor Information for all 4 processors :
  Max Mhz: 2496, Current Mhz: 2396, Mhz Limit: 2396

Memory: 4k page, system-wide physical 8047M (1109M free)
TotalPageFile size 10479M (AvailPageFile size 29M)
current process WorkingSet (physical memory assigned to process): 11M, peak: 11M
current process commit charge ("private bytes"): 52M, peak: 178M

vm_info: Java HotSpot(TM) 64-Bit Server VM (21.0.4+8-LTS-274) for windows-amd64 JRE (21.0.4+8-LTS-274), built on 2024-06-05T05:23:33Z by "mach5one" with MS VC++ 17.6 (VS2022)

END.
